Monitoring Nginx Service...
Wed Nov 27 16:07:08 UTC 2024: Nginx is running.
Active Nginx Processes:
root      4963  0.0  0.0  11156  1588 ?        Ss   16:06   0:00 nginx: master process /usr/sbin/nginx
www-data  4964  0.0  0.0  11528  2800 ?        S    16:06   0:00 nginx: worker process
www-data  4965  0.0  0.0  11528  2800 ?        S    16:06   0:00 nginx: worker process
www-data  4966  0.0  0.0  11528  2800 ?        S    16:06   0:00 nginx: worker process
www-data  4967  0.0  0.0  11528  2800 ?        S    16:06   0:00 nginx: worker process
www-data  4968  0.0  0.0  11528  2800 ?        S    16:06   0:00 nginx: worker process
www-data  4969  0.0  0.0  11528  2800 ?        S    16:06   0:00 nginx: worker process
www-data  4970  0.0  0.0  11528  2800 ?        S    16:06   0:00 nginx: worker process
www-data  4971  0.0  0.0  11528  2800 ?        S    16:06   0:00 nginx: worker process
root      5060 25.0  0.0   4324  3408 pts/0    S+   16:07   0:00 /bin/bash ./monitor_nginx.sh
Nginx Resource Usage:
 4963 root      20   0   11156   1588    640 S   0.0   0.0   0:00.00 nginx
 4964 www-data  20   0   11528   2800   1596 S   0.0   0.1   0:00.00 nginx
 4965 www-data  20   0   11528   2800   1596 S   0.0   0.1   0:00.00 nginx
 4966 www-data  20   0   11528   2800   1596 S   0.0   0.1   0:00.00 nginx
 4967 www-data  20   0   11528   2800   1596 S   0.0   0.1   0:00.00 nginx
 4968 www-data  20   0   11528   2800   1596 S   0.0   0.1   0:00.00 nginx
 4969 www-data  20   0   11528   2800   1596 S   0.0   0.1   0:00.00 nginx
 4970 www-data  20   0   11528   2800   1596 S   0.0   0.1   0:00.00 nginx
 4971 www-data  20   0   11528   2800   1596 S   0.0   0.1   0:00.00 nginx
Log updated at Wed Nov 27 16:07:08 UTC 2024
